Tag Tool [1.5.6695.18316]

Please report any bugs and/or feature requests at
<https://gitlab.com/TheGuardians/TagTool/issues>.

Enter "help" to list available commands. Enter "exit" to quit.

tags> edittag 0x12c5
Tag (0x12C5) cortana_channel.bitmap has been opened for editing.
New commands are now available. Enter "help" to view them.
Use "exit" to return to tags.

tags\(0x12C5) cortana_channel.bitmap> importbitmap 0 DDS\Spartan_laser.dds
Importing image data...
Done!

tags\(0x12C5) cortana_channel.bitmap> savetagchanges
Done!

tags\(0x12C5) cortana_channel.bitmap> exit

tags> 

tags> edittag 0x00005A90
Tag (0x5A90) hud_reticles_h3.bitmap has been opened for editing.
New commands are now available. Enter "help" to view them.
Use "exit" to return to tags.

tags\(0x5A90) hud_reticles_h3.bitmap> importbitmap 0 DDS\hudh3.dds
Importing image data...
Done!

tags\(0x5A90) hud_reticles_h3.bitmap> savetagchanges
Done!

tags\(0x5A90) hud_reticles_h3.bitmap> exit

tags> 

tags> edittag 0x00002515
Tag 0x2515.bitmap has been opened for editing.
New commands are now available. Enter "help" to view them.
Use "exit" to return to tags.

tags\0x2515.bitmap> importbitmap 0 DDS\stolen5.dds
Importing image data...
Done!

tags\0x2515.bitmap> savetagchanges
Done!

tags\0x2515.bitmap> exit

tags> 

tags> edittag 0x00002516
Tag 0x2516.bitmap has been opened for editing.
New commands are now available. Enter "help" to view them.
Use "exit" to return to tags.

tags\0x2516.bitmap> importbitmap 0 DDS\stolen6.dds
Importing image data...
Done!

tags\0x2516.bitmap> savetagchanges
Done!

tags\0x2516.bitmap> exit

tags> 

tags> edittag 0x00002517
Tag 0x2517.bitmap has been opened for editing.
New commands are now available. Enter "help" to view them.
Use "exit" to return to tags.

tags\0x2517.bitmap> importbitmap 0 DDS\stolen7.dds
Importing image data...
Done!

tags\0x2517.bitmap> savetagchanges
Done!

tags\0x2517.bitmap> exit

tags> 

tags> 

tags> Edittag 0x250E
Tag 0x250E.chud_animation_definition has been opened for editing.
New commands are now available. Enter "help" to view them.
Use "exit" to return to tags.

tags\0x250E.chud_animation_definition> removeblockelements Alpha 0 *
Successfully removed 1 element from Alpha at index 0: List`1<AlphaBlock>
null

tags\0x250E.chud_animation_definition> editblock Rotation[0]

tags\0x250E.chud_animation_definition\Rotation[0]> editblock Keyframes[1]
RotationBlock does not contain a block named "Keyframes"
EditBlock: Edit the fields of a particular block element.

Usage:
EditBlock <name> [element-index (if block)]

Use "help EditBlock" for more information.

tags\0x250E.chud_animation_definition\Rotation[0]> setfield Framenumber 180
ERROR: RotationBlock does not contain a field named "Framenumber".
SetField: Sets the value of a specific field in the current RotationBlock definition.

Usage:
SetField <field name> <field value>

Use "help SetField" for more information.

tags\0x250E.chud_animation_definition\Rotation[0]> savetagchanges
Done!

tags\0x250E.chud_animation_definition\Rotation[0]> exit

tags\0x250E.chud_animation_definition> editblock Function 
ChudAnimationDefinition does not contain a block named "Function"
EditBlock: Edit the fields of a particular block element.

Usage:
EditBlock <name> [element-index (if block)]

Use "help EditBlock" for more information.

tags\0x250E.chud_animation_definition> setfield data 08340000000000000000803F000000000000000000000000000000001C00000001000000070000CDFFFF7F7F8017033FC08B01C0E0C5204000000000
ERROR: ChudAnimationDefinition does not contain a field named "data".
SetField: Sets the value of a specific field in the current ChudAnimationDefinition definition.

Usage:
SetField <field name> <field value>

Use "help SetField" for more information.

tags\0x250E.chud_animation_definition> savetagchanges
Done!

tags\0x250E.chud_animation_definition> exitto tags

tags> 

tags> edittag 0x250D
Tag 0x250D.chud_animation_definition has been opened for editing.
New commands are now available. Enter "help" to view them.
Use "exit" to return to tags.

tags\0x250D.chud_animation_definition> editblock Rotation[0]

tags\0x250D.chud_animation_definition\Rotation[0]> editblock Function 

tags\0x250D.chud_animation_definition\Rotation[0]\Function> setfield Data 08340000000000000000803F000000000000000000000000000000001400000001000000040000CDFFFF7F7F0000803F00000000
Data: Byte[] = {...}[52]

tags\0x250D.chud_animation_definition\Rotation[0]\Function> savetagchanges
Done!

tags\0x250D.chud_animation_definition\Rotation[0]\Function> exit

tags\0x250D.chud_animation_definition\Rotation[0]> 

tags\0x250D.chud_animation_definition\Rotation[0]> editblock Keyframes[1]
RotationBlock does not contain a block named "Keyframes"
EditBlock: Edit the fields of a particular block element.

Usage:
EditBlock <name> [element-index (if block)]

Use "help EditBlock" for more information.

tags\0x250D.chud_animation_definition\Rotation[0]> Setfield Framenumber 1000
ERROR: RotationBlock does not contain a field named "Framenumber".
SetField: Sets the value of a specific field in the current RotationBlock definition.

Usage:
SetField <field name> <field value>

Use "help SetField" for more information.

tags\0x250D.chud_animation_definition\Rotation[0]> Setfield Angles -180 0 0
ERROR: RotationBlock does not contain a field named "Angles".
SetField: Sets the value of a specific field in the current RotationBlock definition.

Usage:
SetField <field name> <field value>

Use "help SetField" for more information.

tags\0x250D.chud_animation_definition\Rotation[0]> savetagchanges
Done!

tags\0x250D.chud_animation_definition\Rotation[0]> exitto tags

tags> 

tags> edittag 0x2514
Tag 0x2514.chud_animation_definition has been opened for editing.
New commands are now available. Enter "help" to view them.
Use "exit" to return to tags.

tags\0x2514.chud_animation_definition> editblock Rotation[0]

tags\0x2514.chud_animation_definition\Rotation[0]> editblock Keyframes[1]
RotationBlock does not contain a block named "Keyframes"
EditBlock: Edit the fields of a particular block element.

Usage:
EditBlock <name> [element-index (if block)]

Use "help EditBlock" for more information.

tags\0x2514.chud_animation_definition\Rotation[0]> setfield Angles -270 0 0
ERROR: RotationBlock does not contain a field named "Angles".
SetField: Sets the value of a specific field in the current RotationBlock definition.

Usage:
SetField <field name> <field value>

Use "help SetField" for more information.

tags\0x2514.chud_animation_definition\Rotation[0]> savetagchanges
Done!

tags\0x2514.chud_animation_definition\Rotation[0]> exitto tags

tags> 

tags> edittag 0x2512
Tag 0x2512.chud_animation_definition has been opened for editing.
New commands are now available. Enter "help" to view them.
Use "exit" to return to tags.

tags\0x2512.chud_animation_definition> setfield Alpha[0].Keyframes[1].Timeoffset 180
AlphaBlock does not contain a block named "Keyframes"
SetField: Sets the value of a specific field in the current ChudAnimationDefinition definition.

Usage:
SetField <field name> <field value>

Use "help SetField" for more information.

tags\0x2512.chud_animation_definition> setfield Alpha[0].Keyframes[1].scalarvalue 0.2 
AlphaBlock does not contain a block named "Keyframes"
SetField: Sets the value of a specific field in the current ChudAnimationDefinition definition.

Usage:
SetField <field name> <field value>

Use "help SetField" for more information.

tags\0x2512.chud_animation_definition> savetagchanges
Done!

tags\0x2512.chud_animation_definition> Addblockelements Scale
ERROR: Object reference not set to an instance of an object.
