TagTool [1.5.8074.6957]

Please report any bugs and/or feature requests: waaaaaaait
AYO WAIT YOU AINT SUPPOSED TO BUILD AN INSTALL.BAT WHAT ARE YOU DOING

Enter the path to a Halo cache file (.map or tags.dat):
> F:\_ _\maps

Enter "help" to list available commands. Enter "exit" to quit.

tags> edittag 0x00000C1E
Tag ui\chud\spartan.chud_definition has been opened for editing.
New commands are now available. Enter "help" to view them.
Use "exit" to return to tags.

tags\ui\chud\spartan.chud_definition> addblockelements Hudwidgets[1].Bitmapwidgets
Successfully added 1 element to BitmapWidgets: List`1<BitmapWidget>
{...}[6]

tags\ui\chud\spartan.chud_definition> addblockelements Hudwidgets[1].Bitmapwidgets[5].StateData
Successfully added 1 element to StateData: List`1<StateDatum>
{...}[1]

tags\ui\chud\spartan.chud_definition> removeblockelements Hudwidgets[1].Bitmapwidgets 6 *

ERROR: An invalid argument was specified
> Invalid index specified: 6

Enter "Help RemoveBlockElements" for command syntax.

tags\ui\chud\spartan.chud_definition> removeblockelements Hudwidgets[1].Bitmapwidgets[5].StateData 2 *

ERROR: An invalid argument was specified
> Invalid index specified: 2

Enter "Help RemoveBlockElements" for command syntax.

tags\ui\chud\spartan.chud_definition> Setfield HUDWidgets[1].BitmapWidgets[5].StateData

ERROR: Incorrect amount of arguments supplied

Enter "Help SetField" for command syntax.

tags\ui\chud\spartan.chud_definition> Setfield HUDWidgets[1].BitmapWidgets[5].StateData aa

ERROR: The method or operation is not implemented.
STACKTRACE: 
   at TagTool.Commands.Editing.SetFieldCommand.ParseArgs(GameCache cache, Type type, TagFieldInfo info, List`1 args)
   at TagTool.Commands.Editing.SetFieldCommand.Execute(List`1 args)
   at TagTool.Commands.Common.CommandRunner.ExecuteCommand(CommandContext context, List`1 commandAndArgs, Dictionary`2 argVariables)

tags\ui\chud\spartan.chud_definition\HUDWidgets[1]\BitmapWidgets[5]> Setfield HUDWidgets[1].BitmapWidgets[5].StateData aa

ERROR: An invalid argument was specified
> "BitmapWidget" does not contain a tag block named "HUDWidgets".

Enter "Help SetField" for command syntax.

ERROR: The method or operation is not implemented.
STACKTRACE: 
   at TagTool.Commands.Editing.SetFieldCommand.ParseArgs(GameCache cache, Type type, TagFieldInfo info, List`1 args)
   at TagTool.Commands.Editing.SetFieldCommand.Execute(List`1 args)
   at TagTool.Commands.Common.CommandRunner.ExecuteCommand(CommandContext context, List`1 commandAndArgs, Dictionary`2 argVariables)

tags\ui\chud\spartan.chud_definition\HUDWidgets[1]\BitmapWidgets[5]> Setfield HUDWidgets[1].BitmapWidgets[5].StateData

ERROR: Incorrect amount of arguments supplied

Enter "Help SetField" for command syntax.

tags\ui\chud\spartan.chud_definition\HUDWidgets[1]\BitmapWidgets[5]> Setfield HUDWidgets[1].BitmapWidgets[5].StateData aa

ERROR: An invalid argument was specified
> "BitmapWidget" does not contain a tag block named "HUDWidgets".

Enter "Help SetField" for command syntax.

ERROR: The method or operation is not implemented.
STACKTRACE: 
   at TagTool.Commands.Editing.SetFieldCommand.ParseArgs(GameCache cache, Type type, TagFieldInfo info, List`1 args)
   at TagTool.Commands.Editing.SetFieldCommand.Execute(List`1 args)
   at TagTool.Commands.Common.CommandRunner.ExecuteCommand(CommandContext context, List`1 commandAndArgs, Dictionary`2 argVariables)

tags\ui\chud\spartan.chud_definition\HUDWidgets[1]\BitmapWidgets[5]> Setfield HUDWidgets[1].BitmapWidgets[3].StateData

ERROR: Incorrect amount of arguments supplied

Enter "Help SetField" for command syntax.

tags\ui\chud\spartan.chud_definition\HUDWidgets[1]\BitmapWidgets[5]> Setfield HUDWidgets[1].BitmapWidgets[3].StateData aa

ERROR: An invalid argument was specified
> "BitmapWidget" does not contain a tag block named "HUDWidgets".

Enter "Help SetField" for command syntax.

ERROR: The method or operation is not implemented.
STACKTRACE: 
   at TagTool.Commands.Editing.SetFieldCommand.ParseArgs(GameCache cache, Type type, TagFieldInfo info, List`1 args)
   at TagTool.Commands.Editing.SetFieldCommand.Execute(List`1 args)
   at TagTool.Commands.Common.CommandRunner.ExecuteCommand(CommandContext context, List`1 commandAndArgs, Dictionary`2 argVariables)

tags\ui\chud\spartan.chud_definition\HUDWidgets[1]\BitmapWidgets[5]> 

tags\ui\chud\spartan.chud_definition\HUDWidgets[1]\BitmapWidgets[5]> 

tags\ui\chud\spartan.chud_definition\HUDWidgets[1]\BitmapWidgets[5]> setfield statedata

ERROR: Incorrect amount of arguments supplied

Enter "Help SetField" for command syntax.

tags\ui\chud\spartan.chud_definition\HUDWidgets[1]\BitmapWidgets[5]> setfield Statedata aa

ERROR: The method or operation is not implemented.
STACKTRACE: 
   at TagTool.Commands.Editing.SetFieldCommand.ParseArgs(GameCache cache, Type type, TagFieldInfo info, List`1 args)
   at TagTool.Commands.Editing.SetFieldCommand.Execute(List`1 args)
   at TagTool.Commands.Common.CommandRunner.ExecuteCommand(CommandContext context, List`1 commandAndArgs, Dictionary`2 argVariables)
